<?xml version="1.0" encoding="UTF-8"?>
<robot generator="Robot 3.2.1 (Python 3.8.4 on win32)" generated="20200911 08:14:29.525" rpa="false">
<suite id="s1" name="oorwinLoginTest" source="C:\Users\Oorwin\PycharmProjects\GitHub\TestCases\oorwinLoginTest.robot">
<test id="s1-t1" name="LOGINTEST">
<kw name="OPEN MY BROWSER" library="oorwinLogin">
<arguments>
<arg>${SiteUrl}</arg>
<arg>${Browser}</arg>
</arguments>
<kw name="Open Browser" library="SeleniumLibrary">
<doc>Opens a new browser instance to the given ``url``.</doc>
<arguments>
<arg>${SiteUrl}</arg>
<arg>${Browser}</arg>
</arguments>
<msg timestamp="20200911 08:14:29.797" level="INFO">Opening browser 'chrome' to base url 'https://github.com/'.</msg>
<kw name="Capture Page Screenshot" library="SeleniumLibrary">
<doc>Takes screenshot of the current page and embeds it into log file.</doc>
<msg timestamp="20200911 08:14:33.259" level="INFO">Cannot capture screenshot because no browser is open.</msg>
<status status="PASS" starttime="20200911 08:14:33.258" endtime="20200911 08:14:33.259"></status>
</kw>
<msg timestamp="20200911 08:14:33.269" level="FAIL">SessionNotCreatedException: Message: session not created: This version of ChromeDriver only supports Chrome version 83
</msg>
<status status="FAIL" starttime="20200911 08:14:29.797" endtime="20200911 08:14:33.269"></status>
</kw>
<status status="FAIL" starttime="20200911 08:14:29.796" endtime="20200911 08:14:33.270"></status>
</kw>
<status status="FAIL" starttime="20200911 08:14:29.795" endtime="20200911 08:14:33.271" critical="yes">SessionNotCreatedException: Message: session not created: This version of ChromeDriver only supports Chrome version 83
</status>
</test>
<status status="FAIL" starttime="20200911 08:14:29.528" endtime="20200911 08:14:33.273"></status>
</suite>
<statistics>
<total>
<stat pass="0" fail="1">Critical Tests</stat>
<stat pass="0" fail="1">All Tests</stat>
</total>
<tag>
</tag>
<suite>
<stat pass="0" fail="1" id="s1" name="oorwinLoginTest">oorwinLoginTest</stat>
</suite>
</statistics>
<errors>
</errors>
</robot>
